c:\users\jsokolow\onedrive\documents\vc++\discrete event sim\discrete event sim\debug\vc140.pdb
c:\users\jsokolow\onedrive\documents\vc++\discrete event sim\discrete event sim\debug\vc140.idb
c:\users\jsokolow\onedrive\documents\vc++\discrete event sim\discrete event sim\debug\main.obj
c:\users\jsokolow\onedrive\documents\vc++\discrete event sim\discrete event sim\debug\simulation.obj
c:\users\jsokolow\onedrive\documents\vc++\discrete event sim\discrete event sim\debug\event.obj
c:\users\jsokolow\onedrive\documents\vc++\discrete event sim\discrete event sim\debug\eventset.obj
c:\users\jsokolow\onedrive\documents\vc++\discrete event sim\discrete event sim\debug\queue.obj
c:\users\jsokolow\onedrive\documents\vc++\discrete event sim\debug\discrete event sim.pdb
c:\users\jsokolow\onedrive\documents\vc++\discrete event sim\discrete event sim\debug\discrete.d64848ba.tlog\cl.command.1.tlog
c:\users\jsokolow\onedrive\documents\vc++\discrete event sim\discrete event sim\debug\discrete.d64848ba.tlog\cl.read.1.tlog
c:\users\jsokolow\onedrive\documents\vc++\discrete event sim\discrete event sim\debug\discrete.d64848ba.tlog\cl.write.1.tlog
c:\users\jsokolow\onedrive\documents\vc++\discrete event sim\discrete event sim\debug\discrete.d64848ba.tlog\link.1411500-cvtres.read.1.tlog
c:\users\jsokolow\onedrive\documents\vc++\discrete event sim\discrete event sim\debug\discrete.d64848ba.tlog\link.1411500-cvtres.write.1.tlog
c:\users\jsokolow\onedrive\documents\vc++\discrete event sim\discrete event sim\debug\discrete.d64848ba.tlog\link.1411500-rc.read.1.tlog
c:\users\jsokolow\onedrive\documents\vc++\discrete event sim\discrete event sim\debug\discrete.d64848ba.tlog\link.1411500-rc.write.1.tlog
c:\users\jsokolow\onedrive\documents\vc++\discrete event sim\discrete event sim\debug\discrete.d64848ba.tlog\link.1411500.read.1.tlog
c:\users\jsokolow\onedrive\documents\vc++\discrete event sim\discrete event sim\debug\discrete.d64848ba.tlog\link.1411500.write.1.tlog
c:\users\jsokolow\onedrive\documents\vc++\discrete event sim\discrete event sim\debug\discrete.d64848ba.tlog\link.command.1.tlog
c:\users\jsokolow\onedrive\documents\vc++\discrete event sim\discrete event sim\debug\discrete.d64848ba.tlog\link.read.1.tlog
c:\users\jsokolow\onedrive\documents\vc++\discrete event sim\discrete event sim\debug\discrete.d64848ba.tlog\link.write.1.tlog
